[W714 15:57:29.687315295 socket.cpp:755] [c10d] The client socket cannot be initialized to connect to [clara05.sc.uni-leipzig.de]:41578 (errno: 97 - Address family not supported by protocol).
[W714 15:57:29.963164142 socket.cpp:755] [c10d] The client socket cannot be initialized to connect to [clara05.sc.uni-leipzig.de]:33293 (errno: 97 - Address family not supported by protocol).
[W714 15:57:35.547103022 socket.cpp:755] [c10d] The client socket cannot be initialized to connect to [clara05.sc.uni-leipzig.de]:33293 (errno: 97 - Address family not supported by protocol).
[W714 15:57:35.554783617 socket.cpp:755] [c10d] The client socket cannot be initialized to connect to [clara05.sc.uni-leipzig.de]:33293 (errno: 97 - Address family not supported by protocol).
2025-07-14 15:57:35,173 - rank_0 - INFO - Rank 0/2 initialized on device cuda:0
wandb: Currently logged in as: coyfelix7 (coyfelix7-universit-t-leipzig) to https://api.wandb.ai. Use `wandb login --relogin` to force relogin
Using VAE-optimized preprocessing...
wandb: Tracking run with wandb version 0.21.0
wandb: Run data is saved locally in /home/sc.uni-leipzig.de/ci72buri/projects/vae/Leipzig_big_data_praktikum_gene_expression_autoencoder/wandb/run-20250714_155735-no7q209i
wandb: Run `wandb offline` to turn off syncing.
wandb: Syncing run lively-haze-182
wandb: ⭐️ View project at https://wandb.ai/coyfelix7-universit-t-leipzig/big_data_vae
wandb: 🚀 View run at https://wandb.ai/coyfelix7-universit-t-leipzig/big_data_vae/runs/no7q209i
Using VAE-optimized preprocessing...
Dataset loaded: 20000 cells × 100 genes
/home/sc.uni-leipzig.de/ci72buri/projects/vae/Leipzig_big_data_praktikum_gene_expression_autoencoder/autoCell/data_loader.py:152: ImplicitModificationWarning: Modifying `X` on a view results in data being overridden
  self.adata.X = X
Dataset loaded: 20000 cells × 100 genes
/home/sc.uni-leipzig.de/ci72buri/projects/vae/Leipzig_big_data_praktikum_gene_expression_autoencoder/autoCell/data_loader.py:152: ImplicitModificationWarning: Modifying `X` on a view results in data being overridden
  self.adata.X = X
Dataset loaded: 20000 cells × 100 genes
Dataset loaded: 20000 cells × 100 genes
2025-07-14 15:57:46,501 - rank_0 - INFO - Data loaders created. Dataset size: 20000
clara05:2481927:2481927 [0] NCCL INFO NCCL_SOCKET_IFNAME set by environment to bond0
clara05:2481927:2481927 [0] NCCL INFO cudaDriverVersion 12020
clara05:2481927:2481927 [0] NCCL INFO NCCL version 2.26.2+cuda12.2
clara05:2481928:2481928 [1] NCCL INFO cudaDriverVersion 12020
clara05:2481928:2481928 [1] NCCL INFO NCCL_SOCKET_IFNAME set by environment to bond0
clara05:2481928:2481928 [1] NCCL INFO NCCL version 2.26.2+cuda12.2
clara05:2481927:2481927 [0] NCCL INFO Comm config Blocking set to 1
clara05:2481928:2481928 [1] NCCL INFO Comm config Blocking set to 1
clara05:2481928:2482161 [1] NCCL INFO NET/Plugin: Could not find: libnccl-net.so. Using internal net plugin.
clara05:2481928:2482161 [1] NCCL INFO NCCL_IB_DISABLE set by environment to 0.
clara05:2481928:2482161 [1] NCCL INFO NCCL_SOCKET_IFNAME set by environment to bond0
clara05:2481927:2482160 [0] NCCL INFO NET/Plugin: Could not find: libnccl-net.so. Using internal net plugin.
clara05:2481927:2482160 [0] NCCL INFO NCCL_IB_DISABLE set by environment to 0.
clara05:2481927:2482160 [0] NCCL INFO NCCL_SOCKET_IFNAME set by environment to bond0
clara05:2481928:2482161 [1] NCCL INFO NET/IB : Using [0]mlx5_2:1/IB [1]mlx5_bond_0:1/RoCE [RO]; OOB bond0:172.26.10.5<0>
clara05:2481928:2482161 [1] NCCL INFO PROFILER/Plugin: Could not find: libnccl-profiler.so. 
clara05:2481928:2482161 [1] NCCL INFO Using network IB
clara05:2481928:2482161 [1] NCCL INFO ncclCommInitRankConfig comm 0x55a07c5b96c0 rank 1 nranks 2 cudaDev 1 nvmlDev 1 busId 64000 commId 0x6c1993f020e2f092 - Init START
clara05:2481927:2482160 [0] NCCL INFO NET/IB : Using [0]mlx5_2:1/IB [1]mlx5_bond_0:1/RoCE [RO]; OOB bond0:172.26.10.5<0>
clara05:2481927:2482160 [0] NCCL INFO PROFILER/Plugin: Could not find: libnccl-profiler.so. 
clara05:2481927:2482160 [0] NCCL INFO Using network IB
clara05:2481927:2482160 [0] NCCL INFO ncclCommInitRankConfig comm 0x5559b4c5bec0 rank 0 nranks 2 cudaDev 0 nvmlDev 0 busId 43000 commId 0x6c1993f020e2f092 - Init START
clara05:2481928:2482161 [1] NCCL INFO RAS client listening socket at 127.0.0.1<28028>
clara05:2481927:2482160 [0] NCCL INFO RAS client listening socket at 127.0.0.1<28028>
clara05:2481927:2482160 [0] NCCL INFO TOPO/NET : Importing network plugins to topology
clara05:2481927:2482160 [0] NCCL INFO Retrieving state for IB
clara05:2481928:2482161 [1] NCCL INFO TOPO/NET : Importing network plugins to topology
clara05:2481927:2482160 [0] NCCL INFO Initialized state 0 for IB
clara05:2481928:2482161 [1] NCCL INFO Retrieving state for IB
clara05:2481928:2482161 [1] NCCL INFO Initialized state 0 for IB
clara05:2481928:2482161 [1] NCCL INFO ncclTopoPopulateNics : Filled mlx5_2 in topo with pciPath=/sys/devices/pci0000:60/0000:60:03.1/0000:65:00.0 keep=1 coll=(null)
clara05:2481927:2482160 [0] NCCL INFO ncclTopoPopulateNics : Filled mlx5_2 in topo with pciPath=/sys/devices/pci0000:60/0000:60:03.1/0000:65:00.0 keep=1 coll=(null)
clara05:2481928:2482161 [1] NCCL INFO ncclTopoPopulateNics : Filled mlx5_bond_0 in topo with pciPath=/sys/devices/pci0000:20/0000:20:01.1/0000:21:00.0 keep=1 coll=(null)
clara05:2481927:2482160 [0] NCCL INFO ncclTopoPopulateNics : Filled mlx5_bond_0 in topo with pciPath=/sys/devices/pci0000:20/0000:20:01.1/0000:21:00.0 keep=1 coll=(null)
clara05:2481928:2482161 [1] NCCL INFO TOPO/NET : Made vNic 2
clara05:2481928:2482161 [1] NCCL INFO TOPO/NET : Made vNic 3
clara05:2481927:2482160 [0] NCCL INFO TOPO/NET : Made vNic 2
clara05:2481928:2482161 [1] NCCL INFO ncclTopoPopulateNics : Filled mlx5_2 in topo with pciPath=/sys/devices/pci0000:60/0000:60:03.1/0000:65:00.0 keep=0 coll=(null)
clara05:2481927:2482160 [0] NCCL INFO TOPO/NET : Made vNic 3
clara05:2481928:2482161 [1] NCCL INFO ncclTopoPopulateNics : Filled mlx5_bond_0 in topo with pciPath=/sys/devices/pci0000:20/0000:20:01.1/0000:21:00.0 keep=0 coll=(null)
clara05:2481927:2482160 [0] NCCL INFO ncclTopoPopulateNics : Filled mlx5_2 in topo with pciPath=/sys/devices/pci0000:60/0000:60:03.1/0000:65:00.0 keep=0 coll=(null)
clara05:2481928:2482161 [1] NCCL INFO ncclTopoPopulateNics : Filled mlx5_2 in topo with pciPath=/sys/devices/pci0000:60/0000:60:03.1/0000:65:00.0 keep=1 coll=(null)
clara05:2481927:2482160 [0] NCCL INFO ncclTopoPopulateNics : Filled mlx5_bond_0 in topo with pciPath=/sys/devices/pci0000:20/0000:20:01.1/0000:21:00.0 keep=0 coll=(null)
clara05:2481928:2482161 [1] NCCL INFO ncclTopoPopulateNics : Filled mlx5_bond_0 in topo with pciPath=/sys/devices/pci0000:20/0000:20:01.1/0000:21:00.0 keep=1 coll=(null)
clara05:2481927:2482160 [0] NCCL INFO ncclTopoPopulateNics : Filled mlx5_2 in topo with pciPath=/sys/devices/pci0000:60/0000:60:03.1/0000:65:00.0 keep=1 coll=(null)
clara05:2481927:2482160 [0] NCCL INFO ncclTopoPopulateNics : Filled mlx5_bond_0 in topo with pciPath=/sys/devices/pci0000:20/0000:20:01.1/0000:21:00.0 keep=1 coll=(null)
clara05:2481927:2482160 [0] NCCL INFO === System : maxBw 12.0 totalBw 12.0 ===
clara05:2481927:2482160 [0] NCCL INFO CPU/0-2 (1/2/-1)
clara05:2481927:2482160 [0] NCCL INFO + SYS[16.0] - CPU/0-3
clara05:2481927:2482160 [0] NCCL INFO + SYS[16.0] - CPU/0-1
clara05:2481927:2482160 [0] NCCL INFO + PCI[12.0] - PCI/0-41000 (10b5874710b58747)
clara05:2481927:2482160 [0] NCCL INFO               + PCI[12.0] - GPU/0-43000 (0)
clara05:2481927:2482160 [0] NCCL INFO CPU/0-3 (1/2/-1)
clara05:2481927:2482160 [0] NCCL INFO + SYS[16.0] - CPU/0-2
clara05:2481927:2482160 [0] NCCL INFO + SYS[16.0] - CPU/0-1
clara05:2481927:2482160 [0] NCCL INFO + PCI[12.0] - NIC/0-65000
clara05:2481927:2482160 [0] NCCL INFO + PCI[12.0] - PCI/0-61000 (10b5874710b58747)
clara05:2481927:2482160 [0] NCCL INFO               + PCI[12.0] - GPU/0-64000 (1)
clara05:2481927:2482160 [0] NCCL INFO CPU/0-1 (1/2/-1)
clara05:2481928:2482161 [1] NCCL INFO === System : maxBw 12.0 totalBw 12.0 ===
clara05:2481927:2482160 [0] NCCL INFO + SYS[16.0] - CPU/0-2
clara05:2481928:2482161 [1] NCCL INFO CPU/0-2 (1/2/-1)
clara05:2481927:2482160 [0] NCCL INFO + SYS[16.0] - CPU/0-3
clara05:2481927:2482160 [0] NCCL INFO + PCI[6.0] - NIC/0-21000
clara05:2481928:2482161 [1] NCCL INFO + SYS[16.0] - CPU/0-3
clara05:2481927:2482160 [0] NCCL INFO ==========================================
clara05:2481928:2482161 [1] NCCL INFO + SYS[16.0] - CPU/0-1
clara05:2481928:2482161 [1] NCCL INFO + PCI[12.0] - PCI/0-41000 (10b5874710b58747)
clara05:2481927:2482160 [0] NCCL INFO GPU/0-43000 :GPU/0-43000 (0/5000.0/LOC) GPU/0-64000 (5/12.0/SYS) CPU/0-2 (2/12.0/PHB) CPU/0-3 (3/12.0/SYS) CPU/0-1 (3/12.0/SYS) 
clara05:2481928:2482161 [1] NCCL INFO               + PCI[12.0] - GPU/0-43000 (0)
clara05:2481928:2482161 [1] NCCL INFO CPU/0-3 (1/2/-1)
clara05:2481927:2482160 [0] NCCL INFO GPU/0-64000 :GPU/0-43000 (5/12.0/SYS) GPU/0-64000 (0/5000.0/LOC) CPU/0-2 (3/12.0/SYS) CPU/0-3 (2/12.0/PHB) CPU/0-1 (3/12.0/SYS) 
clara05:2481928:2482161 [1] NCCL INFO + SYS[16.0] - CPU/0-2
clara05:2481928:2482161 [1] NCCL INFO + SYS[16.0] - CPU/0-1
clara05:2481928:2482161 [1] NCCL INFO + PCI[12.0] - NIC/0-65000
clara05:2481927:2482160 [0] NCCL INFO Setting affinity for GPU 0 to 0f0000,000f0000
clara05:2481928:2482161 [1] NCCL INFO + PCI[12.0] - PCI/0-61000 (10b5874710b58747)
clara05:2481928:2482161 [1] NCCL INFO               + PCI[12.0] - GPU/0-64000 (1)
clara05:2481928:2482161 [1] NCCL INFO CPU/0-1 (1/2/-1)
clara05:2481928:2482161 [1] NCCL INFO + SYS[16.0] - CPU/0-2
clara05:2481928:2482161 [1] NCCL INFO + SYS[16.0] - CPU/0-3
clara05:2481928:2482161 [1] NCCL INFO + PCI[6.0] - NIC/0-21000
clara05:2481928:2482161 [1] NCCL INFO ==========================================
clara05:2481928:2482161 [1] NCCL INFO GPU/0-43000 :GPU/0-43000 (0/5000.0/LOC) GPU/0-64000 (5/12.0/SYS) CPU/0-2 (2/12.0/PHB) CPU/0-3 (3/12.0/SYS) CPU/0-1 (3/12.0/SYS) 
clara05:2481928:2482161 [1] NCCL INFO GPU/0-64000 :GPU/0-43000 (5/12.0/SYS) GPU/0-64000 (0/5000.0/LOC) CPU/0-2 (3/12.0/SYS) CPU/0-3 (2/12.0/PHB) CPU/0-1 (3/12.0/SYS) 
clara05:2481928:2482161 [1] NCCL INFO Setting affinity for GPU 1 to 0f000000,0f000000
clara05:2481927:2482160 [0] NCCL INFO Pattern 4, crossNic 0, nChannels 1, bw 12.000000/12.000000, type SYS/PIX, sameChannels 1
clara05:2481927:2482160 [0] NCCL INFO  0 : GPU/0 GPU/1
clara05:2481928:2482161 [1] NCCL INFO Pattern 4, crossNic 0, nChannels 1, bw 12.000000/12.000000, type SYS/PIX, sameChannels 1
clara05:2481928:2482161 [1] NCCL INFO  0 : GPU/0 GPU/1
clara05:2481927:2482160 [0] NCCL INFO Pattern 1, crossNic 0, nChannels 1, bw 12.000000/12.000000, type SYS/PIX, sameChannels 1
clara05:2481927:2482160 [0] NCCL INFO  0 : GPU/0 GPU/1
clara05:2481928:2482161 [1] NCCL INFO Pattern 1, crossNic 0, nChannels 1, bw 12.000000/12.000000, type SYS/PIX, sameChannels 1
clara05:2481928:2482161 [1] NCCL INFO  0 : GPU/0 GPU/1
clara05:2481928:2482161 [1] NCCL INFO comm 0x55a07c5b96c0 rank 1 nRanks 2 nNodes 1 localRanks 2 localRank 1 MNNVL 0
clara05:2481927:2482160 [0] NCCL INFO comm 0x5559b4c5bec0 rank 0 nRanks 2 nNodes 1 localRanks 2 localRank 0 MNNVL 0
clara05:2481928:2482161 [1] NCCL INFO Tree 0 : 0 -> 1 -> -1/-1/-1
clara05:2481927:2482160 [0] NCCL INFO Tree 0 : -1 -> 0 -> 1/-1/-1
clara05:2481928:2482161 [1] NCCL INFO Tree 1 : 0 -> 1 -> -1/-1/-1
clara05:2481927:2482160 [0] NCCL INFO Tree 1 : -1 -> 0 -> 1/-1/-1
clara05:2481927:2482160 [0] NCCL INFO Channel 00/02 : 0 1
clara05:2481928:2482161 [1] NCCL INFO Ring 00 : 0 -> 1 -> 0
clara05:2481927:2482160 [0] NCCL INFO Channel 01/02 : 0 1
clara05:2481928:2482161 [1] NCCL INFO Ring 01 : 0 -> 1 -> 0
clara05:2481928:2482161 [1] NCCL INFO Trees [0] -1/-1/-1->1->0 [1] -1/-1/-1->1->0
clara05:2481927:2482160 [0] NCCL INFO Ring 00 : 1 -> 0 -> 1
clara05:2481928:2482161 [1] NCCL INFO P2P Chunksize set to 131072
clara05:2481927:2482160 [0] NCCL INFO Ring 01 : 1 -> 0 -> 1
clara05:2481927:2482160 [0] NCCL INFO Trees [0] 1/-1/-1->0->-1 [1] 1/-1/-1->0->-1
clara05:2481927:2482160 [0] NCCL INFO P2P Chunksize set to 131072
clara05:2481927:2482160 [0] NCCL INFO Check P2P Type intraNodeP2pSupport 1 directMode 0
clara05:2481928:2482170 [1] NCCL INFO [Proxy Service] Device 1 CPU core 27
clara05:2481927:2482171 [0] NCCL INFO [Proxy Service] Device 0 CPU core 50
clara05:2481928:2482172 [1] NCCL INFO [Proxy Service UDS] Device 1 CPU core 25
clara05:2481927:2482173 [0] NCCL INFO [Proxy Service UDS] Device 0 CPU core 19
clara05:2481928:2482161 [1] NCCL INFO threadThresholds 8/8/64 | 16/8/64 | 512 | 512
clara05:2481928:2482161 [1] NCCL INFO 2 coll channels, 2 collnet channels, 0 nvls channels, 2 p2p channels, 2 p2p channels per peer
clara05:2481927:2482160 [0] NCCL INFO threadThresholds 8/8/64 | 16/8/64 | 512 | 512
clara05:2481927:2482160 [0] NCCL INFO 2 coll channels, 2 collnet channels, 0 nvls channels, 2 p2p channels, 2 p2p channels per peer
clara05:2481927:2482160 [0] NCCL INFO CC Off, workFifoBytes 1048576
clara05:2481928:2482161 [1] NCCL INFO TUNER/Plugin: Could not find: libnccl-tuner.so. Using internal tuner plugin.
clara05:2481928:2482161 [1] NCCL INFO ncclCommInitRankConfig comm 0x55a07c5b96c0 rank 1 nranks 2 cudaDev 1 nvmlDev 1 busId 64000 commId 0x6c1993f020e2f092 - Init COMPLETE
clara05:2481928:2482161 [1] NCCL INFO Init timings - ncclCommInitRankConfig: rank 1 nranks 2 total 0.25 (kernels 0.20, alloc 0.02, bootstrap 0.02, allgathers 0.00, topo 0.01, graphs 0.00, connections 0.00, rest 0.00)
clara05:2481927:2482160 [0] NCCL INFO TUNER/Plugin: Could not find: libnccl-tuner.so. Using internal tuner plugin.
clara05:2481927:2482160 [0] NCCL INFO ncclCommInitRankConfig comm 0x5559b4c5bec0 rank 0 nranks 2 cudaDev 0 nvmlDev 0 busId 43000 commId 0x6c1993f020e2f092 - Init COMPLETE
clara05:2481927:2482160 [0] NCCL INFO Init timings - ncclCommInitRankConfig: rank 0 nranks 2 total 0.26 (kernels 0.21, alloc 0.03, bootstrap 0.00, allgathers 0.00, topo 0.01, graphs 0.00, connections 0.00, rest 0.00)
clara05:2481927:2481927 [0] NCCL INFO AllGather: opCount 0 sendbuff 0x4020ee400 recvbuff 0x4020eea00 count 1 datatype 4 op 0 root 0 comm 0x5559b4c5bec0 [nranks=2] stream 0x5559aa5522c0
clara05:2481928:2481928 [1] NCCL INFO AllGather: opCount 0 sendbuff 0x4020ee400 recvbuff 0x4020eea00 count 1 datatype 4 op 0 root 0 comm 0x55a07c5b96c0 [nranks=2] stream 0x55a079a3f0f0
clara05:2481927:2482174 [0] NCCL INFO Channel 00/0 : 0[0] -> 1[1] via P2P/CUMEM
clara05:2481928:2482175 [1] NCCL INFO Channel 00/0 : 1[1] -> 0[0] via P2P/CUMEM
clara05:2481927:2482174 [0] NCCL INFO Channel 01/0 : 0[0] -> 1[1] via P2P/CUMEM
clara05:2481928:2482175 [1] NCCL INFO Channel 01/0 : 1[1] -> 0[0] via P2P/CUMEM
clara05:2481927:2482174 [0] NCCL INFO Connected all rings, use ring PXN 0 GDR 1
clara05:2481928:2482175 [1] NCCL INFO Connected all rings, use ring PXN 0 GDR 1
clara05:2481927:2481927 [0] NCCL INFO Broadcast: opCount 1 sendbuff 0x4020eea00 recvbuff 0x4020eea00 count 54 datatype 4 op 0 root 0 comm 0x5559b4c5bec0 [nranks=2] stream 0x5559aa5522c0
clara05:2481928:2481928 [1] NCCL INFO Broadcast: opCount 1 sendbuff 0x4020eea00 recvbuff 0x4020eea00 count 54 datatype 4 op 0 root 0 comm 0x55a07c5b96c0 [nranks=2] stream 0x55a079a3f0f0
clara05:2481927:2481927 [0] NCCL INFO Broadcast: opCount 2 sendbuff 0x4020ee400 recvbuff 0x4020ee400 count 243304 datatype 7 op 0 root 0 comm 0x5559b4c5bec0 [nranks=2] stream 0x5559aa5522c0
clara05:2481928:2481928 [1] NCCL INFO Broadcast: opCount 2 sendbuff 0x4020ee400 recvbuff 0x4020ee400 count 243304 datatype 7 op 0 root 0 comm 0x55a07c5b96c0 [nranks=2] stream 0x55a079a3f0f0
2025-07-14 15:57:49,124 - rank_0 - INFO - Model created with 243304 parameters
clara05:2481927:2483096 [0] NCCL INFO AllReduce: opCount 3 sendbuff 0x4020ee400 recvbuff 0x4020ee400 count 243304 datatype 7 op 0 root 0 comm 0x5559b4c5bec0 [nranks=2] stream 0x5559aa5522c0
clara05:2481928:2483093 [1] NCCL INFO AllReduce: opCount 3 sendbuff 0x4020ee400 recvbuff 0x4020ee400 count 243304 datatype 7 op 0 root 0 comm 0x55a07c5b96c0 [nranks=2] stream 0x55a079a3f0f0
2025-07-14 15:59:41,922 - rank_0 - INFO - [Rank 0] Batch 0/40, Loss: 0.6571
clara05:2481927:2481927 [0] NCCL INFO Broadcast: opCount 4 sendbuff 0x40223d200 recvbuff 0x40223d200 count 19 datatype 2 op 0 root 0 comm 0x5559b4c5bec0 [nranks=2] stream 0x5559aa5522c0
clara05:2481928:2481928 [1] NCCL INFO Broadcast: opCount 4 sendbuff 0x40223d200 recvbuff 0x40223d200 count 19 datatype 2 op 0 root 0 comm 0x55a07c5b96c0 [nranks=2] stream 0x55a079a3f0f0
clara05:2481928:2481928 [1] NCCL INFO Broadcast: opCount 5 sendbuff 0x40223d600 recvbuff 0x40223d600 count 1 datatype 2 op 0 root 0 comm 0x55a07c5b96c0 [nranks=2] stream 0x55a079a3f0f0
clara05:2481927:2481927 [0] NCCL INFO Broadcast: opCount 5 sendbuff 0x40223d600 recvbuff 0x40223d600 count 1 datatype 2 op 0 root 0 comm 0x5559b4c5bec0 [nranks=2] stream 0x5559aa5522c0
clara05:2481927:2483096 [0] NCCL INFO AllReduce: opCount 6 sendbuff 0x4020ee400 recvbuff 0x4020ee400 count 243304 datatype 7 op 0 root 0 comm 0x5559b4c5bec0 [nranks=2] stream 0x5559aa5522c0
clara05:2481928:2483093 [1] NCCL INFO AllReduce: opCount 6 sendbuff 0x4020ee400 recvbuff 0x4020ee400 count 243304 datatype 7 op 0 root 0 comm 0x55a07c5b96c0 [nranks=2] stream 0x55a079a3f0f0
clara05:2481928:2483093 [1] NCCL INFO AllReduce: opCount 7 sendbuff 0x4020ee400 recvbuff 0x4020ee400 count 243304 datatype 7 op 0 root 0 comm 0x55a07c5b96c0 [nranks=2] stream 0x55a079a3f0f0
clara05:2481927:2483096 [0] NCCL INFO AllReduce: opCount 7 sendbuff 0x4020ee400 recvbuff 0x4020ee400 count 243304 datatype 7 op 0 root 0 comm 0x5559b4c5bec0 [nranks=2] stream 0x5559aa5522c0
clara05:2481927:2483096 [0] NCCL INFO AllReduce: opCount 8 sendbuff 0x4020ee400 recvbuff 0x4020ee400 count 243304 datatype 7 op 0 root 0 comm 0x5559b4c5bec0 [nranks=2] stream 0x5559aa5522c0
clara05:2481928:2483093 [1] NCCL INFO AllReduce: opCount 8 sendbuff 0x4020ee400 recvbuff 0x4020ee400 count 243304 datatype 7 op 0 root 0 comm 0x55a07c5b96c0 [nranks=2] stream 0x55a079a3f0f0
clara05:2481927:2483096 [0] NCCL INFO AllReduce: opCount 9 sendbuff 0x4020ee400 recvbuff 0x4020ee400 count 243304 datatype 7 op 0 root 0 comm 0x5559b4c5bec0 [nranks=2] stream 0x5559aa5522c0
clara05:2481928:2483093 [1] NCCL INFO AllReduce: opCount 9 sendbuff 0x4020ee400 recvbuff 0x4020ee400 count 243304 datatype 7 op 0 root 0 comm 0x55a07c5b96c0 [nranks=2] stream 0x55a079a3f0f0
clara05:2481927:2483096 [0] NCCL INFO AllReduce: opCount a sendbuff 0x4020ee400 recvbuff 0x4020ee400 count 243304 datatype 7 op 0 root 0 comm 0x5559b4c5bec0 [nranks=2] stream 0x5559aa5522c0
clara05:2481928:2483093 [1] NCCL INFO AllReduce: opCount a sendbuff 0x4020ee400 recvbuff 0x4020ee400 count 243304 datatype 7 op 0 root 0 comm 0x55a07c5b96c0 [nranks=2] stream 0x55a079a3f0f0
clara05:2481927:2483096 [0] NCCL INFO AllReduce: opCount b sendbuff 0x4020ee400 recvbuff 0x4020ee400 count 243304 datatype 7 op 0 root 0 comm 0x5559b4c5bec0 [nranks=2] stream 0x5559aa5522c0
clara05:2481928:2483093 [1] NCCL INFO AllReduce: opCount b sendbuff 0x4020ee400 recvbuff 0x4020ee400 count 243304 datatype 7 op 0 root 0 comm 0x55a07c5b96c0 [nranks=2] stream 0x55a079a3f0f0
clara05:2481927:2483096 [0] NCCL INFO AllReduce: opCount c sendbuff 0x4020ee400 recvbuff 0x4020ee400 count 243304 datatype 7 op 0 root 0 comm 0x5559b4c5bec0 [nranks=2] stream 0x5559aa5522c0
clara05:2481928:2483093 [1] NCCL INFO AllReduce: opCount c sendbuff 0x4020ee400 recvbuff 0x4020ee400 count 243304 datatype 7 op 0 root 0 comm 0x55a07c5b96c0 [nranks=2] stream 0x55a079a3f0f0
clara05:2481927:2483096 [0] NCCL INFO AllReduce: opCount d sendbuff 0x4020ee400 recvbuff 0x4020ee400 count 243304 datatype 7 op 0 root 0 comm 0x5559b4c5bec0 [nranks=2] stream 0x5559aa5522c0
clara05:2481928:2483093 [1] NCCL INFO AllReduce: opCount d sendbuff 0x4020ee400 recvbuff 0x4020ee400 count 243304 datatype 7 op 0 root 0 comm 0x55a07c5b96c0 [nranks=2] stream 0x55a079a3f0f0
clara05:2481927:2483096 [0] NCCL INFO AllReduce: opCount e sendbuff 0x4020ee400 recvbuff 0x4020ee400 count 243304 datatype 7 op 0 root 0 comm 0x5559b4c5bec0 [nranks=2] stream 0x5559aa5522c0
clara05:2481928:2483093 [1] NCCL INFO AllReduce: opCount e sendbuff 0x4020ee400 recvbuff 0x4020ee400 count 243304 datatype 7 op 0 root 0 comm 0x55a07c5b96c0 [nranks=2] stream 0x55a079a3f0f0
clara05:2481927:2483096 [0] NCCL INFO AllReduce: opCount f sendbuff 0x4020ee400 recvbuff 0x4020ee400 count 243304 datatype 7 op 0 root 0 comm 0x5559b4c5bec0 [nranks=2] stream 0x5559aa5522c0
clara05:2481928:2483093 [1] NCCL INFO AllReduce: opCount f sendbuff 0x4020ee400 recvbuff 0x4020ee400 count 243304 datatype 7 op 0 root 0 comm 0x55a07c5b96c0 [nranks=2] stream 0x55a079a3f0f0
