/var/spool/slurmd/job14898685/slurm_script: line 13: activate: No such file or directory
W0713 16:21:19.272000 1477958 site-packages/torch/distributed/run.py:766] 
W0713 16:21:19.272000 1477958 site-packages/torch/distributed/run.py:766] *****************************************
W0713 16:21:19.272000 1477958 site-packages/torch/distributed/run.py:766] Setting OMP_NUM_THREADS environment variable for each process to be 1 in default, to avoid your system being overloaded, please further tune the variable for optimal performance in your application as needed. 
W0713 16:21:19.272000 1477958 site-packages/torch/distributed/run.py:766] *****************************************
[W713 16:21:19.174748948 socket.cpp:755] [c10d] The client socket cannot be initialized to connect to [clara10.sc.uni-leipzig.de]:33421 (errno: 97 - Address family not supported by protocol).
[W713 16:21:19.470916635 socket.cpp:755] [c10d] The client socket cannot be initialized to connect to [clara10.sc.uni-leipzig.de]:41527 (errno: 97 - Address family not supported by protocol).
[W713 16:21:26.491056843 socket.cpp:755] [c10d] The client socket cannot be initialized to connect to [clara10.sc.uni-leipzig.de]:41527 (errno: 97 - Address family not supported by protocol).
[W713 16:21:26.491261002 socket.cpp:755] [c10d] The client socket cannot be initialized to connect to [clara10.sc.uni-leipzig.de]:41527 (errno: 97 - Address family not supported by protocol).
[W713 16:21:26.491327792 socket.cpp:755] [c10d] The client socket cannot be initialized to connect to [clara10.sc.uni-leipzig.de]:41527 (errno: 97 - Address family not supported by protocol).
[W713 16:21:26.491325232 socket.cpp:755] [c10d] The client socket cannot be initialized to connect to [clara10.sc.uni-leipzig.de]:41527 (errno: 97 - Address family not supported by protocol).
wandb: Currently logged in as: coyfelix7 (coyfelix7-universit-t-leipzig) to https://api.wandb.ai. Use `wandb login --relogin` to force relogin
wandb: Tracking run with wandb version 0.21.0
wandb: Run data is saved locally in /home/sc.uni-leipzig.de/ci72buri/projects/vae/Leipzig_big_data_praktikum_gene_expression_autoencoder/wandb/run-20250713_162127-rmdwibkx
wandb: Run `wandb offline` to turn off syncing.
wandb: Syncing run visionary-plasma-155
wandb: ⭐️ View project at https://wandb.ai/coyfelix7-universit-t-leipzig/big_data_vae
wandb: 🚀 View run at https://wandb.ai/coyfelix7-universit-t-leipzig/big_data_vae/runs/rmdwibkx
Using VAE-optimized preprocessing...Using VAE-optimized preprocessing...
Using VAE-optimized preprocessing...Using VAE-optimized preprocessing...


slurmstepd: error: *** JOB 14898685 ON clara10 CANCELLED AT 2025-07-13T16:21:30 ***
