[2025-07-14 15:35:59] Starting SLURM job 14914189 on clara06.sc.uni-leipzig.de
[2025-07-14 15:35:59] Job parameters: 2 tasks, 2 GPUs, 1 nodes
[2025-07-14 15:35:59] Loading required modules...
[2025-07-14 15:36:01] Activating conda environment...
[2025-07-14 15:36:01] Verifying environment...
Python 3.10.18
PyTorch version: 2.7.1+cu126
CUDA available: True
CUDA devices: 2
[2025-07-14 15:36:10] Checking training script...
[2025-07-14 15:36:10] Training script found: -rw-r--r-- 1 ci72buri sc_users 19997 Jul 14 15:35 train_vae.py
[2025-07-14 15:36:10] Testing training script import...
Training script import: SUCCESS
[2025-07-14 15:36:17] Checking required modules...
torch: OK
torch.distributed: OK
numpy: OK
wandb: OK
All required modules available
[2025-07-14 15:36:21] Configuring NCCL settings...
[2025-07-14 15:36:21] Setting up distributed training configuration...
[2025-07-14 15:36:21] Distributed training configuration:
[2025-07-14 15:36:21]   MASTER_ADDR: 172.26.10.6
[2025-07-14 15:36:21]   MASTER_PORT: 16682
[2025-07-14 15:36:21]   WORLD_SIZE: 2
[2025-07-14 15:36:21]   NODE_RANK: 0
[2025-07-14 15:36:21]   SLURM_GPUS_ON_NODE: 2
[2025-07-14 15:36:21]   SLURM_JOB_NUM_NODES: 1
[2025-07-14 15:36:21] Testing network connectivity...
PING 172.26.10.6 (172.26.10.6) 56(84) bytes of data.
64 bytes from 172.26.10.6: icmp_seq=1 ttl=64 time=0.055 ms

--- 172.26.10.6 ping statistics ---
1 packets transmitted, 1 received, 0% packet loss, time 0ms
rtt min/avg/max/mdev = 0.055/0.055/0.055/0.000 ms
[2025-07-14 15:36:21] Testing GPU availability...
Mon Jul 14 15:36:21 2025       
+---------------------------------------------------------------------------------------+
| NVIDIA-SMI 535.230.02             Driver Version: 535.230.02   CUDA Version: 12.2     |
|-----------------------------------------+----------------------+----------------------+
| GPU  Name                 Persistence-M | Bus-Id        Disp.A | Volatile Uncorr. ECC |
| Fan  Temp   Perf          Pwr:Usage/Cap |         Memory-Usage | GPU-Util  Compute M. |
|                                         |                      |               MIG M. |
|=========================================+======================+======================|
|   0  Tesla V100-PCIE-32GB           On  | 00000000:05:00.0 Off |                    0 |
| N/A   32C    P0              25W / 250W |      0MiB / 32768MiB |      0%      Default |
|                                         |                      |                  N/A |
+-----------------------------------------+----------------------+----------------------+
|   1  Tesla V100-PCIE-32GB           On  | 00000000:64:00.0 Off |                    0 |
| N/A   33C    P0              26W / 250W |      0MiB / 32768MiB |      0%      Default |
|                                         |                      |                  N/A |
+-----------------------------------------+----------------------+----------------------+
                                                                                         
+---------------------------------------------------------------------------------------+
| Processes:                                                                            |
|  GPU   GI   CI        PID   Type   Process name                            GPU Memory |
|        ID   ID                                                             Usage      |
|=======================================================================================|
|  No running processes found                                                           |
+---------------------------------------------------------------------------------------+
[2025-07-14 15:36:21] Checking torchrun availability...
/home/sc.uni-leipzig.de/ci72buri/.conda/envs/cell-vae/bin/torchrun
usage: torchrun [-h] [--nnodes NNODES] [--nproc-per-node NPROC_PER_NODE] [--rdzv-backend RDZV_BACKEND] [--rdzv-endpoint RDZV_ENDPOINT] [--rdzv-id RDZV_ID] [--rdzv-conf RDZV_CONF] [--standalone] [--max-restarts MAX_RESTARTS] [--monitor-interval MONITOR_INTERVAL] [--start-method {spawn,fork,forkserver}] [--role ROLE] [-m] [--no-python] [--run-path] [--log-dir LOG_DIR]
                [-r REDIRECTS] [-t TEE] [--local-ranks-filter LOCAL_RANKS_FILTER] [--node-rank NODE_RANK] [--master-addr MASTER_ADDR] [--master-port MASTER_PORT] [--local-addr LOCAL_ADDR] [--logs-specs LOGS_SPECS]
                training_script ...

Torch Distributed Elastic Training Launcher
[2025-07-14 15:36:24] Testing basic torchrun functionality...
Basic torchrun test passed
[2025-07-14 15:36:29] Creating distributed test script...
[2025-07-14 15:36:29] Testing distributed functionality...
Rank 1/2: Distributed initialization successfulRank 0/2: Distributed initialization successful

Rank 0: Using device cuda:0
Rank 1: Using device cuda:1
Rank 0: Basic tensor operations successful
Rank 1: Basic tensor operations successful
Rank 1: Test completed successfully
Rank 0: Test completed successfully
[2025-07-14 15:36:36] Starting distributed training with verbose output...
[2025-07-14 15:36:36] Command: torchrun --nproc_per_node=2 --nnodes=1 --node_rank=0 --rdzv_backend=c10d --rdzv_endpoint=172.26.10.6:16682 train_vae.py
[2025-07-14 15:36:36] Testing with 2 processes first...
[W714 15:36:38.239728169 socket.cpp:755] [c10d] The client socket cannot be initialized to connect to [clara06.sc.uni-leipzig.de]:16682 (errno: 97 - Address family not supported by protocol).
[W714 15:36:38.335276390 socket.cpp:755] [c10d] The client socket cannot be initialized to connect to [clara06.sc.uni-leipzig.de]:43293 (errno: 97 - Address family not supported by protocol).
[W714 15:36:44.013645952 socket.cpp:755] [c10d] The client socket cannot be initialized to connect to [clara06.sc.uni-leipzig.de]:43293 (errno: 97 - Address family not supported by protocol).
[W714 15:36:44.043441538 socket.cpp:755] [c10d] The client socket cannot be initialized to connect to [clara06.sc.uni-leipzig.de]:43293 (errno: 97 - Address family not supported by protocol).
2025-07-14 15:36:44,668 - rank_0 - INFO - Rank 0/2 initialized on device cuda:0
wandb: Currently logged in as: coyfelix7 (coyfelix7-universit-t-leipzig) to https://api.wandb.ai. Use `wandb login --relogin` to force relogin
Using VAE-optimized preprocessing...
wandb: Tracking run with wandb version 0.21.0
wandb: Run data is saved locally in /home/sc.uni-leipzig.de/ci72buri/projects/vae/Leipzig_big_data_praktikum_gene_expression_autoencoder/wandb/run-20250714_153645-3i5axcpy
wandb: Run `wandb offline` to turn off syncing.
wandb: Syncing run wandering-bush-180
wandb: ⭐️ View project at https://wandb.ai/coyfelix7-universit-t-leipzig/big_data_vae
wandb: 🚀 View run at https://wandb.ai/coyfelix7-universit-t-leipzig/big_data_vae/runs/3i5axcpy
Using VAE-optimized preprocessing...
Dataset loaded: 20000 cells × 100 genes
/home/sc.uni-leipzig.de/ci72buri/projects/vae/Leipzig_big_data_praktikum_gene_expression_autoencoder/autoCell/data_loader.py:152: ImplicitModificationWarning: Modifying `X` on a view results in data being overridden
  self.adata.X = X
Dataset loaded: 20000 cells × 100 genes
/home/sc.uni-leipzig.de/ci72buri/projects/vae/Leipzig_big_data_praktikum_gene_expression_autoencoder/autoCell/data_loader.py:152: ImplicitModificationWarning: Modifying `X` on a view results in data being overridden
  self.adata.X = X
Dataset loaded: 20000 cells × 100 genes
Dataset loaded: 20000 cells × 100 genes
2025-07-14 15:36:55,709 - rank_0 - INFO - Data loaders created. Dataset size: 20000
clara06:869057:869057 [0] NCCL INFO NCCL_SOCKET_IFNAME set by environment to bond0
clara06:869057:869057 [0] NCCL INFO cudaDriverVersion 12020
clara06:869057:869057 [0] NCCL INFO NCCL version 2.26.2+cuda12.2
clara06:869057:869057 [0] NCCL INFO Comm config Blocking set to 1
clara06:869058:869058 [1] NCCL INFO cudaDriverVersion 12020
clara06:869058:869058 [1] NCCL INFO NCCL_SOCKET_IFNAME set by environment to bond0
clara06:869058:869058 [1] NCCL INFO NCCL version 2.26.2+cuda12.2
clara06:869058:869058 [1] NCCL INFO Comm config Blocking set to 1
clara06:869057:869171 [0] NCCL INFO NET/Plugin: Could not find: libnccl-net.so. Using internal net plugin.
clara06:869057:869171 [0] NCCL INFO NCCL_IB_DISABLE set by environment to 0.
clara06:869058:869172 [1] NCCL INFO NET/Plugin: Could not find: libnccl-net.so. Using internal net plugin.
clara06:869058:869172 [1] NCCL INFO NCCL_IB_DISABLE set by environment to 0.
clara06:869058:869172 [1] NCCL INFO NCCL_SOCKET_IFNAME set by environment to bond0
clara06:869057:869171 [0] NCCL INFO NCCL_SOCKET_IFNAME set by environment to bond0
clara06:869058:869172 [1] NCCL INFO NET/IB : Using [0]mlx5_2:1/IB [1]mlx5_bond_0:1/RoCE [RO]; OOB bond0:172.26.10.6<0>
clara06:869058:869172 [1] NCCL INFO PROFILER/Plugin: Could not find: libnccl-profiler.so. 
clara06:869058:869172 [1] NCCL INFO Using network IB
clara06:869058:869172 [1] NCCL INFO ncclCommInitRankConfig comm 0x55b32c7facc0 rank 1 nranks 2 cudaDev 1 nvmlDev 1 busId 64000 commId 0xb95f27440f2269a1 - Init START
clara06:869057:869171 [0] NCCL INFO NET/IB : Using [0]mlx5_2:1/IB [1]mlx5_bond_0:1/RoCE [RO]; OOB bond0:172.26.10.6<0>
clara06:869057:869171 [0] NCCL INFO PROFILER/Plugin: Could not find: libnccl-profiler.so. 
clara06:869057:869171 [0] NCCL INFO Using network IB
clara06:869057:869171 [0] NCCL INFO ncclCommInitRankConfig comm 0x559c67e84830 rank 0 nranks 2 cudaDev 0 nvmlDev 0 busId 5000 commId 0xb95f27440f2269a1 - Init START
clara06:869058:869172 [1] NCCL INFO RAS client listening socket at 127.0.0.1<28028>
clara06:869057:869171 [0] NCCL INFO RAS client listening socket at 127.0.0.1<28028>
clara06:869058:869172 [1] NCCL INFO TOPO/NET : Importing network plugins to topology
clara06:869058:869172 [1] NCCL INFO Retrieving state for IB
clara06:869058:869172 [1] NCCL INFO Initialized state 0 for IB
clara06:869057:869171 [0] NCCL INFO TOPO/NET : Importing network plugins to topology
clara06:869057:869171 [0] NCCL INFO Retrieving state for IB
clara06:869057:869171 [0] NCCL INFO Initialized state 0 for IB
clara06:869058:869172 [1] NCCL INFO ncclTopoPopulateNics : Filled mlx5_2 in topo with pciPath=/sys/devices/pci0000:60/0000:60:03.1/0000:65:00.0 keep=1 coll=(null)
clara06:869057:869171 [0] NCCL INFO ncclTopoPopulateNics : Filled mlx5_2 in topo with pciPath=/sys/devices/pci0000:60/0000:60:03.1/0000:65:00.0 keep=1 coll=(null)
clara06:869058:869172 [1] NCCL INFO ncclTopoPopulateNics : Filled mlx5_bond_0 in topo with pciPath=/sys/devices/pci0000:20/0000:20:01.1/0000:21:00.0 keep=1 coll=(null)
clara06:869057:869171 [0] NCCL INFO ncclTopoPopulateNics : Filled mlx5_bond_0 in topo with pciPath=/sys/devices/pci0000:20/0000:20:01.1/0000:21:00.0 keep=1 coll=(null)
clara06:869058:869172 [1] NCCL INFO TOPO/NET : Made vNic 2
clara06:869058:869172 [1] NCCL INFO TOPO/NET : Made vNic 3
clara06:869058:869172 [1] NCCL INFO ncclTopoPopulateNics : Filled mlx5_2 in topo with pciPath=/sys/devices/pci0000:60/0000:60:03.1/0000:65:00.0 keep=0 coll=(null)
clara06:869057:869171 [0] NCCL INFO TOPO/NET : Made vNic 2
clara06:869058:869172 [1] NCCL INFO ncclTopoPopulateNics : Filled mlx5_bond_0 in topo with pciPath=/sys/devices/pci0000:20/0000:20:01.1/0000:21:00.0 keep=0 coll=(null)
clara06:869057:869171 [0] NCCL INFO TOPO/NET : Made vNic 3
clara06:869058:869172 [1] NCCL INFO ncclTopoPopulateNics : Filled mlx5_2 in topo with pciPath=/sys/devices/pci0000:60/0000:60:03.1/0000:65:00.0 keep=1 coll=(null)
clara06:869057:869171 [0] NCCL INFO ncclTopoPopulateNics : Filled mlx5_2 in topo with pciPath=/sys/devices/pci0000:60/0000:60:03.1/0000:65:00.0 keep=0 coll=(null)
clara06:869058:869172 [1] NCCL INFO ncclTopoPopulateNics : Filled mlx5_bond_0 in topo with pciPath=/sys/devices/pci0000:20/0000:20:01.1/0000:21:00.0 keep=1 coll=(null)
clara06:869057:869171 [0] NCCL INFO ncclTopoPopulateNics : Filled mlx5_bond_0 in topo with pciPath=/sys/devices/pci0000:20/0000:20:01.1/0000:21:00.0 keep=0 coll=(null)
clara06:869057:869171 [0] NCCL INFO ncclTopoPopulateNics : Filled mlx5_2 in topo with pciPath=/sys/devices/pci0000:60/0000:60:03.1/0000:65:00.0 keep=1 coll=(null)
clara06:869057:869171 [0] NCCL INFO ncclTopoPopulateNics : Filled mlx5_bond_0 in topo with pciPath=/sys/devices/pci0000:20/0000:20:01.1/0000:21:00.0 keep=1 coll=(null)
clara06:869057:869171 [0] NCCL INFO === System : maxBw 12.0 totalBw 12.0 ===
clara06:869057:869171 [0] NCCL INFO CPU/0-0 (1/2/-1)
clara06:869057:869171 [0] NCCL INFO + SYS[16.0] - CPU/0-3
clara06:869057:869171 [0] NCCL INFO + SYS[16.0] - CPU/0-1
clara06:869057:869171 [0] NCCL INFO + PCI[12.0] - PCI/0-3000 (10b5874710b58747)
clara06:869057:869171 [0] NCCL INFO               + PCI[12.0] - GPU/0-5000 (0)
clara06:869057:869171 [0] NCCL INFO CPU/0-3 (1/2/-1)
clara06:869057:869171 [0] NCCL INFO + SYS[16.0] - CPU/0-0
clara06:869057:869171 [0] NCCL INFO + SYS[16.0] - CPU/0-1
clara06:869057:869171 [0] NCCL INFO + PCI[12.0] - NIC/0-65000
clara06:869057:869171 [0] NCCL INFO + PCI[12.0] - PCI/0-61000 (10b5874710b58747)
clara06:869058:869172 [1] NCCL INFO === System : maxBw 12.0 totalBw 12.0 ===
clara06:869057:869171 [0] NCCL INFO               + PCI[12.0] - GPU/0-64000 (1)
clara06:869057:869171 [0] NCCL INFO CPU/0-1 (1/2/-1)
clara06:869058:869172 [1] NCCL INFO CPU/0-0 (1/2/-1)
clara06:869057:869171 [0] NCCL INFO + SYS[16.0] - CPU/0-0
clara06:869058:869172 [1] NCCL INFO + SYS[16.0] - CPU/0-3
clara06:869057:869171 [0] NCCL INFO + SYS[16.0] - CPU/0-3
clara06:869058:869172 [1] NCCL INFO + SYS[16.0] - CPU/0-1
clara06:869057:869171 [0] NCCL INFO + PCI[6.0] - NIC/0-21000
clara06:869057:869171 [0] NCCL INFO ==========================================
clara06:869058:869172 [1] NCCL INFO + PCI[12.0] - PCI/0-3000 (10b5874710b58747)
clara06:869058:869172 [1] NCCL INFO               + PCI[12.0] - GPU/0-5000 (0)
clara06:869058:869172 [1] NCCL INFO CPU/0-3 (1/2/-1)
clara06:869057:869171 [0] NCCL INFO GPU/0-5000 :GPU/0-5000 (0/5000.0/LOC) GPU/0-64000 (5/12.0/SYS) CPU/0-0 (2/12.0/PHB) CPU/0-3 (3/12.0/SYS) CPU/0-1 (3/12.0/SYS) 
clara06:869058:869172 [1] NCCL INFO + SYS[16.0] - CPU/0-0
clara06:869058:869172 [1] NCCL INFO + SYS[16.0] - CPU/0-1
clara06:869057:869171 [0] NCCL INFO GPU/0-64000 :GPU/0-5000 (5/12.0/SYS) GPU/0-64000 (0/5000.0/LOC) CPU/0-0 (3/12.0/SYS) CPU/0-3 (2/12.0/PHB) CPU/0-1 (3/12.0/SYS) 
clara06:869058:869172 [1] NCCL INFO + PCI[12.0] - NIC/0-65000
clara06:869058:869172 [1] NCCL INFO + PCI[12.0] - PCI/0-61000 (10b5874710b58747)
clara06:869057:869171 [0] NCCL INFO Setting affinity for GPU 0 to 0f,0000000f
clara06:869058:869172 [1] NCCL INFO               + PCI[12.0] - GPU/0-64000 (1)
clara06:869058:869172 [1] NCCL INFO CPU/0-1 (1/2/-1)
clara06:869058:869172 [1] NCCL INFO + SYS[16.0] - CPU/0-0
clara06:869058:869172 [1] NCCL INFO + SYS[16.0] - CPU/0-3
clara06:869058:869172 [1] NCCL INFO + PCI[6.0] - NIC/0-21000
clara06:869058:869172 [1] NCCL INFO ==========================================
clara06:869058:869172 [1] NCCL INFO GPU/0-5000 :GPU/0-5000 (0/5000.0/LOC) GPU/0-64000 (5/12.0/SYS) CPU/0-0 (2/12.0/PHB) CPU/0-3 (3/12.0/SYS) CPU/0-1 (3/12.0/SYS) 
clara06:869058:869172 [1] NCCL INFO GPU/0-64000 :GPU/0-5000 (5/12.0/SYS) GPU/0-64000 (0/5000.0/LOC) CPU/0-0 (3/12.0/SYS) CPU/0-3 (2/12.0/PHB) CPU/0-1 (3/12.0/SYS) 
clara06:869058:869172 [1] NCCL INFO Setting affinity for GPU 1 to 0f000000,0f000000
clara06:869057:869171 [0] NCCL INFO Pattern 4, crossNic 0, nChannels 1, bw 12.000000/12.000000, type SYS/PIX, sameChannels 1
clara06:869057:869171 [0] NCCL INFO  0 : GPU/0 GPU/1
clara06:869058:869172 [1] NCCL INFO Pattern 4, crossNic 0, nChannels 1, bw 12.000000/12.000000, type SYS/PIX, sameChannels 1
clara06:869058:869172 [1] NCCL INFO  0 : GPU/0 GPU/1
clara06:869057:869171 [0] NCCL INFO Pattern 1, crossNic 0, nChannels 1, bw 12.000000/12.000000, type SYS/PIX, sameChannels 1
clara06:869057:869171 [0] NCCL INFO  0 : GPU/0 GPU/1
clara06:869058:869172 [1] NCCL INFO Pattern 1, crossNic 0, nChannels 1, bw 12.000000/12.000000, type SYS/PIX, sameChannels 1
clara06:869058:869172 [1] NCCL INFO  0 : GPU/0 GPU/1
clara06:869057:869171 [0] NCCL INFO comm 0x559c67e84830 rank 0 nRanks 2 nNodes 1 localRanks 2 localRank 0 MNNVL 0
clara06:869058:869172 [1] NCCL INFO comm 0x55b32c7facc0 rank 1 nRanks 2 nNodes 1 localRanks 2 localRank 1 MNNVL 0
clara06:869057:869171 [0] NCCL INFO Tree 0 : -1 -> 0 -> 1/-1/-1
clara06:869057:869171 [0] NCCL INFO Tree 1 : -1 -> 0 -> 1/-1/-1
clara06:869058:869172 [1] NCCL INFO Tree 0 : 0 -> 1 -> -1/-1/-1
clara06:869058:869172 [1] NCCL INFO Tree 1 : 0 -> 1 -> -1/-1/-1
clara06:869057:869171 [0] NCCL INFO Channel 00/02 : 0 1
clara06:869057:869171 [0] NCCL INFO Channel 01/02 : 0 1
clara06:869058:869172 [1] NCCL INFO Ring 00 : 0 -> 1 -> 0
clara06:869057:869171 [0] NCCL INFO Ring 00 : 1 -> 0 -> 1
clara06:869058:869172 [1] NCCL INFO Ring 01 : 0 -> 1 -> 0
clara06:869058:869172 [1] NCCL INFO Trees [0] -1/-1/-1->1->0 [1] -1/-1/-1->1->0
clara06:869057:869171 [0] NCCL INFO Ring 01 : 1 -> 0 -> 1
clara06:869057:869171 [0] NCCL INFO Trees [0] 1/-1/-1->0->-1 [1] 1/-1/-1->0->-1
clara06:869058:869172 [1] NCCL INFO P2P Chunksize set to 131072
clara06:869057:869171 [0] NCCL INFO P2P Chunksize set to 131072
clara06:869057:869171 [0] NCCL INFO Check P2P Type intraNodeP2pSupport 1 directMode 0
clara06:869058:869182 [1] NCCL INFO [Proxy Service] Device 1 CPU core 57
clara06:869057:869181 [0] NCCL INFO [Proxy Service] Device 0 CPU core 2
clara06:869058:869183 [1] NCCL INFO [Proxy Service UDS] Device 1 CPU core 27
clara06:869057:869184 [0] NCCL INFO [Proxy Service UDS] Device 0 CPU core 3
clara06:869058:869172 [1] NCCL INFO threadThresholds 8/8/64 | 16/8/64 | 512 | 512
clara06:869058:869172 [1] NCCL INFO 2 coll channels, 2 collnet channels, 0 nvls channels, 2 p2p channels, 2 p2p channels per peer
clara06:869057:869171 [0] NCCL INFO threadThresholds 8/8/64 | 16/8/64 | 512 | 512
clara06:869057:869171 [0] NCCL INFO 2 coll channels, 2 collnet channels, 0 nvls channels, 2 p2p channels, 2 p2p channels per peer
clara06:869057:869171 [0] NCCL INFO CC Off, workFifoBytes 1048576
clara06:869058:869172 [1] NCCL INFO TUNER/Plugin: Could not find: libnccl-tuner.so. Using internal tuner plugin.
clara06:869058:869172 [1] NCCL INFO ncclCommInitRankConfig comm 0x55b32c7facc0 rank 1 nranks 2 cudaDev 1 nvmlDev 1 busId 64000 commId 0xb95f27440f2269a1 - Init COMPLETE
clara06:869058:869172 [1] NCCL INFO Init timings - ncclCommInitRankConfig: rank 1 nranks 2 total 0.26 (kernels 0.20, alloc 0.02, bootstrap 0.02, allgathers 0.00, topo 0.01, graphs 0.00, connections 0.00, rest 0.00)
clara06:869057:869171 [0] NCCL INFO TUNER/Plugin: Could not find: libnccl-tuner.so. Using internal tuner plugin.
clara06:869057:869171 [0] NCCL INFO ncclCommInitRankConfig comm 0x559c67e84830 rank 0 nranks 2 cudaDev 0 nvmlDev 0 busId 5000 commId 0xb95f27440f2269a1 - Init COMPLETE
clara06:869057:869171 [0] NCCL INFO Init timings - ncclCommInitRankConfig: rank 0 nranks 2 total 0.26 (kernels 0.20, alloc 0.03, bootstrap 0.02, allgathers 0.00, topo 0.01, graphs 0.00, connections 0.00, rest 0.00)
clara06:869057:869057 [0] NCCL INFO AllGather: opCount 0 sendbuff 0x4020ee400 recvbuff 0x4020eea00 count 1 datatype 4 op 0 root 0 comm 0x559c67e84830 [nranks=2] stream 0x559c5d77d1c0
clara06:869058:869058 [1] NCCL INFO AllGather: opCount 0 sendbuff 0x4020ee400 recvbuff 0x4020eea00 count 1 datatype 4 op 0 root 0 comm 0x55b32c7facc0 [nranks=2] stream 0x55b329c7fcf0
clara06:869057:869185 [0] NCCL INFO Channel 00/0 : 0[0] -> 1[1] via P2P/CUMEM
clara06:869058:869186 [1] NCCL INFO Channel 00/0 : 1[1] -> 0[0] via P2P/CUMEM
clara06:869057:869185 [0] NCCL INFO Channel 01/0 : 0[0] -> 1[1] via P2P/CUMEM
clara06:869058:869186 [1] NCCL INFO Channel 01/0 : 1[1] -> 0[0] via P2P/CUMEM
clara06:869058:869186 [1] NCCL INFO Connected all rings, use ring PXN 0 GDR 1
clara06:869057:869185 [0] NCCL INFO Connected all rings, use ring PXN 0 GDR 1
clara06:869057:869057 [0] NCCL INFO Broadcast: opCount 1 sendbuff 0x4020eea00 recvbuff 0x4020eea00 count 54 datatype 4 op 0 root 0 comm 0x559c67e84830 [nranks=2] stream 0x559c5d77d1c0
clara06:869058:869058 [1] NCCL INFO Broadcast: opCount 1 sendbuff 0x4020eea00 recvbuff 0x4020eea00 count 54 datatype 4 op 0 root 0 comm 0x55b32c7facc0 [nranks=2] stream 0x55b329c7fcf0
clara06:869057:869057 [0] NCCL INFO Broadcast: opCount 2 sendbuff 0x4020ee400 recvbuff 0x4020ee400 count 243304 datatype 7 op 0 root 0 comm 0x559c67e84830 [nranks=2] stream 0x559c5d77d1c0
clara06:869058:869058 [1] NCCL INFO Broadcast: opCount 2 sendbuff 0x4020ee400 recvbuff 0x4020ee400 count 243304 datatype 7 op 0 root 0 comm 0x55b32c7facc0 [nranks=2] stream 0x55b329c7fcf0
2025-07-14 15:36:58,339 - rank_0 - INFO - Model created with 243304 parameters
