/var/spool/slurmd/job14898683/slurm_script: line 13: activate: No such file or directory
W0713 16:20:36.329000 1408635 site-packages/torch/distributed/run.py:766] 
W0713 16:20:36.329000 1408635 site-packages/torch/distributed/run.py:766] *****************************************
W0713 16:20:36.329000 1408635 site-packages/torch/distributed/run.py:766] Setting OMP_NUM_THREADS environment variable for each process to be 1 in default, to avoid your system being overloaded, please further tune the variable for optimal performance in your application as needed. 
W0713 16:20:36.329000 1408635 site-packages/torch/distributed/run.py:766] *****************************************
[W713 16:20:36.871140482 socket.cpp:755] [c10d] The client socket cannot be initialized to connect to [clara09.sc.uni-leipzig.de]:41969 (errno: 97 - Address family not supported by protocol).
[W713 16:20:36.080671289 socket.cpp:755] [c10d] The client socket cannot be initialized to connect to [clara09.sc.uni-leipzig.de]:39177 (errno: 97 - Address family not supported by protocol).
[W713 16:20:43.002241655 socket.cpp:755] [c10d] The client socket cannot be initialized to connect to [clara09.sc.uni-leipzig.de]:39177 (errno: 97 - Address family not supported by protocol).
[W713 16:20:43.002232995 socket.cpp:755] [c10d] The client socket cannot be initialized to connect to [clara09.sc.uni-leipzig.de]:39177 (errno: 97 - Address family not supported by protocol).
[W713 16:20:43.002258245 socket.cpp:755] [c10d] The client socket cannot be initialized to connect to [clara09.sc.uni-leipzig.de]:39177 (errno: 97 - Address family not supported by protocol).
[W713 16:20:43.002454585 socket.cpp:755] [c10d] The client socket cannot be initialized to connect to [clara09.sc.uni-leipzig.de]:39177 (errno: 97 - Address family not supported by protocol).
wandb: Currently logged in as: coyfelix7 (coyfelix7-universit-t-leipzig) to https://api.wandb.ai. Use `wandb login --relogin` to force relogin
Using VAE-optimized preprocessing...
Using VAE-optimized preprocessing...
Using VAE-optimized preprocessing...
wandb: Tracking run with wandb version 0.21.0
wandb: Run data is saved locally in /home/sc.uni-leipzig.de/ci72buri/projects/vae/Leipzig_big_data_praktikum_gene_expression_autoencoder/wandb/run-20250713_162044-4m6lnujr
wandb: Run `wandb offline` to turn off syncing.
wandb: Syncing run efficient-morning-154
wandb: ⭐️ View project at https://wandb.ai/coyfelix7-universit-t-leipzig/big_data_vae
wandb: 🚀 View run at https://wandb.ai/coyfelix7-universit-t-leipzig/big_data_vae/runs/4m6lnujr
Using VAE-optimized preprocessing...
Dataset loaded: 20000 cells × 100 genes
Dataset loaded: 20000 cells × 100 genes
Dataset loaded: 20000 cells × 100 genes
Dataset loaded: 20000 cells × 100 genes
/home/sc.uni-leipzig.de/ci72buri/projects/vae/Leipzig_big_data_praktikum_gene_expression_autoencoder/autoCell/data_loader.py:152: ImplicitModificationWarning: Modifying `X` on a view results in data being overridden
  self.adata.X = X
/home/sc.uni-leipzig.de/ci72buri/projects/vae/Leipzig_big_data_praktikum_gene_expression_autoencoder/autoCell/data_loader.py:152: ImplicitModificationWarning: Modifying `X` on a view results in data being overridden
  self.adata.X = X
/home/sc.uni-leipzig.de/ci72buri/projects/vae/Leipzig_big_data_praktikum_gene_expression_autoencoder/autoCell/data_loader.py:152: ImplicitModificationWarning: Modifying `X` on a view results in data being overridden
  self.adata.X = X
/home/sc.uni-leipzig.de/ci72buri/projects/vae/Leipzig_big_data_praktikum_gene_expression_autoencoder/autoCell/data_loader.py:152: ImplicitModificationWarning: Modifying `X` on a view results in data being overridden
  self.adata.X = X
Dataset loaded: 20000 cells × 100 genes
Dataset loaded: 20000 cells × 100 genes
Dataset loaded: 20000 cells × 100 genes
Dataset loaded: 20000 cells × 100 genes
/home/sc.uni-leipzig.de/ci72buri/projects/vae/Leipzig_big_data_praktikum_gene_expression_autoencoder/train_vae.py:119: FutureWarning: `torch.cuda.amp.GradScaler(args...)` is deprecated. Please use `torch.amp.GradScaler('cuda', args...)` instead.
  scaler = GradScaler()
/home/sc.uni-leipzig.de/ci72buri/projects/vae/Leipzig_big_data_praktikum_gene_expression_autoencoder/train_vae.py:119: FutureWarning: `torch.cuda.amp.GradScaler(args...)` is deprecated. Please use `torch.amp.GradScaler('cuda', args...)` instead.
  scaler = GradScaler()
/home/sc.uni-leipzig.de/ci72buri/projects/vae/Leipzig_big_data_praktikum_gene_expression_autoencoder/train_vae.py:119: FutureWarning: `torch.cuda.amp.GradScaler(args...)` is deprecated. Please use `torch.amp.GradScaler('cuda', args...)` instead.
  scaler = GradScaler()
/home/sc.uni-leipzig.de/ci72buri/projects/vae/Leipzig_big_data_praktikum_gene_expression_autoencoder/train_vae.py:119: FutureWarning: `torch.cuda.amp.GradScaler(args...)` is deprecated. Please use `torch.amp.GradScaler('cuda', args...)` instead.
  scaler = GradScaler()
