/var/spool/slurmd/job14904798/slurm_script: line 13: /home/sc.uni-leipzig.de/.conda/etc/profile.d/conda.sh: No such file or directory
W0714 00:59:27.057000 2454741 site-packages/torch/distributed/run.py:766] 
W0714 00:59:27.057000 2454741 site-packages/torch/distributed/run.py:766] *****************************************
W0714 00:59:27.057000 2454741 site-packages/torch/distributed/run.py:766] Setting OMP_NUM_THREADS environment variable for each process to be 1 in default, to avoid your system being overloaded, please further tune the variable for optimal performance in your application as needed. 
W0714 00:59:27.057000 2454741 site-packages/torch/distributed/run.py:766] *****************************************
[W714 00:59:27.968368320 socket.cpp:755] [c10d] The client socket cannot be initialized to connect to [clara10.sc.uni-leipzig.de]:38115 (errno: 97 - Address family not supported by protocol).
[W714 00:59:27.235606714 socket.cpp:755] [c10d] The client socket cannot be initialized to connect to [clara10.sc.uni-leipzig.de]:43659 (errno: 97 - Address family not supported by protocol).
[W714 00:59:33.873926275 socket.cpp:755] [c10d] The client socket cannot be initialized to connect to [clara10.sc.uni-leipzig.de]:43659 (errno: 97 - Address family not supported by protocol).
[W714 00:59:33.874056205 socket.cpp:755] [c10d] The client socket cannot be initialized to connect to [clara10.sc.uni-leipzig.de]:43659 (errno: 97 - Address family not supported by protocol).
[W714 00:59:34.304296103 socket.cpp:755] [c10d] The client socket cannot be initialized to connect to [clara10.sc.uni-leipzig.de]:43659 (errno: 97 - Address family not supported by protocol).
[W714 00:59:34.411307610 socket.cpp:755] [c10d] The client socket cannot be initialized to connect to [clara10.sc.uni-leipzig.de]:43659 (errno: 97 - Address family not supported by protocol).
Using VAE-optimized preprocessing...
Using VAE-optimized preprocessing...
wandb: Currently logged in as: coyfelix7 (coyfelix7-universit-t-leipzig) to https://api.wandb.ai. Use `wandb login --relogin` to force relogin
Using VAE-optimized preprocessing...
wandb: Tracking run with wandb version 0.21.0
wandb: Run data is saved locally in /home/sc.uni-leipzig.de/ci72buri/projects/vae/Leipzig_big_data_praktikum_gene_expression_autoencoder/wandb/run-20250714_005935-vwpydu9o
wandb: Run `wandb offline` to turn off syncing.
wandb: Syncing run polar-monkey-157
wandb: ⭐️ View project at https://wandb.ai/coyfelix7-universit-t-leipzig/big_data_vae
wandb: 🚀 View run at https://wandb.ai/coyfelix7-universit-t-leipzig/big_data_vae/runs/vwpydu9o
Using VAE-optimized preprocessing...
Dataset loaded: 20000 cells × 100 genes
Dataset loaded: 20000 cells × 100 genes
Dataset loaded: 20000 cells × 100 genes
/home/sc.uni-leipzig.de/ci72buri/projects/vae/Leipzig_big_data_praktikum_gene_expression_autoencoder/autoCell/data_loader.py:152: ImplicitModificationWarning: Modifying `X` on a view results in data being overridden
  self.adata.X = X
/home/sc.uni-leipzig.de/ci72buri/projects/vae/Leipzig_big_data_praktikum_gene_expression_autoencoder/autoCell/data_loader.py:152: ImplicitModificationWarning: Modifying `X` on a view results in data being overridden
  self.adata.X = X
/home/sc.uni-leipzig.de/ci72buri/projects/vae/Leipzig_big_data_praktikum_gene_expression_autoencoder/autoCell/data_loader.py:152: ImplicitModificationWarning: Modifying `X` on a view results in data being overridden
  self.adata.X = X
Dataset loaded: 20000 cells × 100 genes
/home/sc.uni-leipzig.de/ci72buri/projects/vae/Leipzig_big_data_praktikum_gene_expression_autoencoder/autoCell/data_loader.py:152: ImplicitModificationWarning: Modifying `X` on a view results in data being overridden
  self.adata.X = X
Dataset loaded: 20000 cells × 100 genes
Dataset loaded: 20000 cells × 100 genes
Dataset loaded: 20000 cells × 100 genes
Dataset loaded: 20000 cells × 100 genes
/home/sc.uni-leipzig.de/ci72buri/projects/vae/Leipzig_big_data_praktikum_gene_expression_autoencoder/train_vae.py:121: FutureWarning: `torch.cuda.amp.GradScaler(args...)` is deprecated. Please use `torch.amp.GradScaler('cuda', args...)` instead.
  scaler = GradScaler()
/home/sc.uni-leipzig.de/ci72buri/projects/vae/Leipzig_big_data_praktikum_gene_expression_autoencoder/train_vae.py:121: FutureWarning: `torch.cuda.amp.GradScaler(args...)` is deprecated. Please use `torch.amp.GradScaler('cuda', args...)` instead.
  scaler = GradScaler()
/home/sc.uni-leipzig.de/ci72buri/projects/vae/Leipzig_big_data_praktikum_gene_expression_autoencoder/train_vae.py:121: FutureWarning: `torch.cuda.amp.GradScaler(args...)` is deprecated. Please use `torch.amp.GradScaler('cuda', args...)` instead.
  scaler = GradScaler()
/home/sc.uni-leipzig.de/ci72buri/projects/vae/Leipzig_big_data_praktikum_gene_expression_autoencoder/train_vae.py:121: FutureWarning: `torch.cuda.amp.GradScaler(args...)` is deprecated. Please use `torch.amp.GradScaler('cuda', args...)` instead.
  scaler = GradScaler()
