W0713 16:11:02.039000 1458935 site-packages/torch/distributed/run.py:766] 
W0713 16:11:02.039000 1458935 site-packages/torch/distributed/run.py:766] *****************************************
W0713 16:11:02.039000 1458935 site-packages/torch/distributed/run.py:766] Setting OMP_NUM_THREADS environment variable for each process to be 1 in default, to avoid your system being overloaded, please further tune the variable for optimal performance in your application as needed. 
W0713 16:11:02.039000 1458935 site-packages/torch/distributed/run.py:766] *****************************************
W0713 16:11:02.039000 1458936 site-packages/torch/distributed/run.py:766] 
W0713 16:11:02.039000 1458936 site-packages/torch/distributed/run.py:766] *****************************************
W0713 16:11:02.039000 1458936 site-packages/torch/distributed/run.py:766] Setting OMP_NUM_THREADS environment variable for each process to be 1 in default, to avoid your system being overloaded, please further tune the variable for optimal performance in your application as needed. 
W0713 16:11:02.039000 1458936 site-packages/torch/distributed/run.py:766] *****************************************
W0713 16:11:02.039000 1458938 site-packages/torch/distributed/run.py:766] 
W0713 16:11:02.039000 1458938 site-packages/torch/distributed/run.py:766] *****************************************
W0713 16:11:02.039000 1458938 site-packages/torch/distributed/run.py:766] Setting OMP_NUM_THREADS environment variable for each process to be 1 in default, to avoid your system being overloaded, please further tune the variable for optimal performance in your application as needed. 
W0713 16:11:02.039000 1458938 site-packages/torch/distributed/run.py:766] *****************************************
W0713 16:11:02.039000 1458937 site-packages/torch/distributed/run.py:766] 
W0713 16:11:02.039000 1458937 site-packages/torch/distributed/run.py:766] *****************************************
W0713 16:11:02.039000 1458937 site-packages/torch/distributed/run.py:766] Setting OMP_NUM_THREADS environment variable for each process to be 1 in default, to avoid your system being overloaded, please further tune the variable for optimal performance in your application as needed. 
W0713 16:11:02.039000 1458937 site-packages/torch/distributed/run.py:766] *****************************************
Traceback (most recent call last):
Traceback (most recent call last):
  File "/home/sc.uni-leipzig.de/ci72buri/.conda/envs/cell-vae/bin/torchrun", line 8, in <module>
Traceback (most recent call last):
  File "/home/sc.uni-leipzig.de/ci72buri/.conda/envs/cell-vae/bin/torchrun", line 8, in <module>
  File "/home/sc.uni-leipzig.de/ci72buri/.conda/envs/cell-vae/bin/torchrun", line 8, in <module>
Traceback (most recent call last):
  File "/home/sc.uni-leipzig.de/ci72buri/.conda/envs/cell-vae/bin/torchrun", line 8, in <module>
    sys.exit(main())
    sys.exit(main())
  File "/home/sc.uni-leipzig.de/ci72buri/.conda/envs/cell-vae/lib/python3.10/site-packages/torch/distributed/elastic/multiprocessing/errors/__init__.py", line 355, in wrapper
    sys.exit(main())
  File "/home/sc.uni-leipzig.de/ci72buri/.conda/envs/cell-vae/lib/python3.10/site-packages/torch/distributed/elastic/multiprocessing/errors/__init__.py", line 355, in wrapper
  File "/home/sc.uni-leipzig.de/ci72buri/.conda/envs/cell-vae/lib/python3.10/site-packages/torch/distributed/elastic/multiprocessing/errors/__init__.py", line 355, in wrapper
    sys.exit(main())
  File "/home/sc.uni-leipzig.de/ci72buri/.conda/envs/cell-vae/lib/python3.10/site-packages/torch/distributed/elastic/multiprocessing/errors/__init__.py", line 355, in wrapper
    return f(*args, **kwargs)
  File "/home/sc.uni-leipzig.de/ci72buri/.conda/envs/cell-vae/lib/python3.10/site-packages/torch/distributed/run.py", line 892, in main
    return f(*args, **kwargs)
  File "/home/sc.uni-leipzig.de/ci72buri/.conda/envs/cell-vae/lib/python3.10/site-packages/torch/distributed/run.py", line 892, in main
    return f(*args, **kwargs)
  File "/home/sc.uni-leipzig.de/ci72buri/.conda/envs/cell-vae/lib/python3.10/site-packages/torch/distributed/run.py", line 892, in main
    return f(*args, **kwargs)
  File "/home/sc.uni-leipzig.de/ci72buri/.conda/envs/cell-vae/lib/python3.10/site-packages/torch/distributed/run.py", line 892, in main
    run(args)
  File "/home/sc.uni-leipzig.de/ci72buri/.conda/envs/cell-vae/lib/python3.10/site-packages/torch/distributed/run.py", line 883, in run
    run(args)
  File "/home/sc.uni-leipzig.de/ci72buri/.conda/envs/cell-vae/lib/python3.10/site-packages/torch/distributed/run.py", line 883, in run
    run(args)
  File "/home/sc.uni-leipzig.de/ci72buri/.conda/envs/cell-vae/lib/python3.10/site-packages/torch/distributed/run.py", line 883, in run
    run(args)
  File "/home/sc.uni-leipzig.de/ci72buri/.conda/envs/cell-vae/lib/python3.10/site-packages/torch/distributed/run.py", line 883, in run
    elastic_launch(
  File "/home/sc.uni-leipzig.de/ci72buri/.conda/envs/cell-vae/lib/python3.10/site-packages/torch/distributed/launcher/api.py", line 139, in __call__
    elastic_launch(
  File "/home/sc.uni-leipzig.de/ci72buri/.conda/envs/cell-vae/lib/python3.10/site-packages/torch/distributed/launcher/api.py", line 139, in __call__
    elastic_launch(
  File "/home/sc.uni-leipzig.de/ci72buri/.conda/envs/cell-vae/lib/python3.10/site-packages/torch/distributed/launcher/api.py", line 139, in __call__
    elastic_launch(
  File "/home/sc.uni-leipzig.de/ci72buri/.conda/envs/cell-vae/lib/python3.10/site-packages/torch/distributed/launcher/api.py", line 139, in __call__
    return launch_agent(self._config, self._entrypoint, list(args))
  File "/home/sc.uni-leipzig.de/ci72buri/.conda/envs/cell-vae/lib/python3.10/site-packages/torch/distributed/launcher/api.py", line 242, in launch_agent
    return launch_agent(self._config, self._entrypoint, list(args))
  File "/home/sc.uni-leipzig.de/ci72buri/.conda/envs/cell-vae/lib/python3.10/site-packages/torch/distributed/launcher/api.py", line 242, in launch_agent
    return launch_agent(self._config, self._entrypoint, list(args))
  File "/home/sc.uni-leipzig.de/ci72buri/.conda/envs/cell-vae/lib/python3.10/site-packages/torch/distributed/launcher/api.py", line 242, in launch_agent
    return launch_agent(self._config, self._entrypoint, list(args))
  File "/home/sc.uni-leipzig.de/ci72buri/.conda/envs/cell-vae/lib/python3.10/site-packages/torch/distributed/launcher/api.py", line 242, in launch_agent
    rdzv_handler=rdzv_registry.get_rendezvous_handler(rdzv_parameters),
  File "/home/sc.uni-leipzig.de/ci72buri/.conda/envs/cell-vae/lib/python3.10/site-packages/torch/distributed/elastic/rendezvous/registry.py", line 100, in get_rendezvous_handler
    rdzv_handler=rdzv_registry.get_rendezvous_handler(rdzv_parameters),
  File "/home/sc.uni-leipzig.de/ci72buri/.conda/envs/cell-vae/lib/python3.10/site-packages/torch/distributed/elastic/rendezvous/registry.py", line 100, in get_rendezvous_handler
    rdzv_handler=rdzv_registry.get_rendezvous_handler(rdzv_parameters),
  File "/home/sc.uni-leipzig.de/ci72buri/.conda/envs/cell-vae/lib/python3.10/site-packages/torch/distributed/elastic/rendezvous/registry.py", line 100, in get_rendezvous_handler
    rdzv_handler=rdzv_registry.get_rendezvous_handler(rdzv_parameters),
  File "/home/sc.uni-leipzig.de/ci72buri/.conda/envs/cell-vae/lib/python3.10/site-packages/torch/distributed/elastic/rendezvous/registry.py", line 100, in get_rendezvous_handler
    return handler_registry.create_handler(params)
  File "/home/sc.uni-leipzig.de/ci72buri/.conda/envs/cell-vae/lib/python3.10/site-packages/torch/distributed/elastic/rendezvous/api.py", line 376, in create_handler
    return handler_registry.create_handler(params)
  File "/home/sc.uni-leipzig.de/ci72buri/.conda/envs/cell-vae/lib/python3.10/site-packages/torch/distributed/elastic/rendezvous/api.py", line 376, in create_handler
    return handler_registry.create_handler(params)
  File "/home/sc.uni-leipzig.de/ci72buri/.conda/envs/cell-vae/lib/python3.10/site-packages/torch/distributed/elastic/rendezvous/api.py", line 376, in create_handler
    return handler_registry.create_handler(params)
  File "/home/sc.uni-leipzig.de/ci72buri/.conda/envs/cell-vae/lib/python3.10/site-packages/torch/distributed/elastic/rendezvous/api.py", line 376, in create_handler
    handler = creator(params)
  File "/home/sc.uni-leipzig.de/ci72buri/.conda/envs/cell-vae/lib/python3.10/site-packages/torch/distributed/elastic/rendezvous/registry.py", line 51, in _create_c10d_handler
    handler = creator(params)
  File "/home/sc.uni-leipzig.de/ci72buri/.conda/envs/cell-vae/lib/python3.10/site-packages/torch/distributed/elastic/rendezvous/registry.py", line 51, in _create_c10d_handler
    handler = creator(params)
  File "/home/sc.uni-leipzig.de/ci72buri/.conda/envs/cell-vae/lib/python3.10/site-packages/torch/distributed/elastic/rendezvous/registry.py", line 51, in _create_c10d_handler
    backend, store = create_backend(params)
  File "/home/sc.uni-leipzig.de/ci72buri/.conda/envs/cell-vae/lib/python3.10/site-packages/torch/distributed/elastic/rendezvous/c10d_rendezvous_backend.py", line 257, in create_backend
    backend, store = create_backend(params)
  File "/home/sc.uni-leipzig.de/ci72buri/.conda/envs/cell-vae/lib/python3.10/site-packages/torch/distributed/elastic/rendezvous/c10d_rendezvous_backend.py", line 257, in create_backend
    handler = creator(params)
  File "/home/sc.uni-leipzig.de/ci72buri/.conda/envs/cell-vae/lib/python3.10/site-packages/torch/distributed/elastic/rendezvous/registry.py", line 51, in _create_c10d_handler
    backend, store = create_backend(params)
  File "/home/sc.uni-leipzig.de/ci72buri/.conda/envs/cell-vae/lib/python3.10/site-packages/torch/distributed/elastic/rendezvous/c10d_rendezvous_backend.py", line 257, in create_backend
    backend, store = create_backend(params)
  File "/home/sc.uni-leipzig.de/ci72buri/.conda/envs/cell-vae/lib/python3.10/site-packages/torch/distributed/elastic/rendezvous/c10d_rendezvous_backend.py", line 257, in create_backend
    store = _create_tcp_store(params)
  File "/home/sc.uni-leipzig.de/ci72buri/.conda/envs/cell-vae/lib/python3.10/site-packages/torch/distributed/elastic/rendezvous/c10d_rendezvous_backend.py", line 138, in _create_tcp_store
    store = _create_tcp_store(params)
  File "/home/sc.uni-leipzig.de/ci72buri/.conda/envs/cell-vae/lib/python3.10/site-packages/torch/distributed/elastic/rendezvous/c10d_rendezvous_backend.py", line 138, in _create_tcp_store
    store = _create_tcp_store(params)
  File "/home/sc.uni-leipzig.de/ci72buri/.conda/envs/cell-vae/lib/python3.10/site-packages/torch/distributed/elastic/rendezvous/c10d_rendezvous_backend.py", line 138, in _create_tcp_store
    store = _create_tcp_store(params)
  File "/home/sc.uni-leipzig.de/ci72buri/.conda/envs/cell-vae/lib/python3.10/site-packages/torch/distributed/elastic/rendezvous/c10d_rendezvous_backend.py", line 138, in _create_tcp_store
    host, port = parse_rendezvous_endpoint(params.endpoint, default_port=DEFAULT_PORT)
  File "/home/sc.uni-leipzig.de/ci72buri/.conda/envs/cell-vae/lib/python3.10/site-packages/torch/distributed/elastic/rendezvous/utils.py", line 108, in parse_rendezvous_endpoint
    host, port = parse_rendezvous_endpoint(params.endpoint, default_port=DEFAULT_PORT)
  File "/home/sc.uni-leipzig.de/ci72buri/.conda/envs/cell-vae/lib/python3.10/site-packages/torch/distributed/elastic/rendezvous/utils.py", line 108, in parse_rendezvous_endpoint
    host, port = parse_rendezvous_endpoint(params.endpoint, default_port=DEFAULT_PORT)
  File "/home/sc.uni-leipzig.de/ci72buri/.conda/envs/cell-vae/lib/python3.10/site-packages/torch/distributed/elastic/rendezvous/utils.py", line 108, in parse_rendezvous_endpoint
    host, port = parse_rendezvous_endpoint(params.endpoint, default_port=DEFAULT_PORT)
  File "/home/sc.uni-leipzig.de/ci72buri/.conda/envs/cell-vae/lib/python3.10/site-packages/torch/distributed/elastic/rendezvous/utils.py", line 108, in parse_rendezvous_endpoint
    raise ValueError(
ValueError: The hostname of the rendezvous endpoint ':29500' must be a dot-separated list of labels, an IPv4 address, or an IPv6 address.
    raise ValueError(
ValueError: The hostname of the rendezvous endpoint ':29500' must be a dot-separated list of labels, an IPv4 address, or an IPv6 address.
    raise ValueError(
ValueError: The hostname of the rendezvous endpoint ':29500' must be a dot-separated list of labels, an IPv4 address, or an IPv6 address.
    raise ValueError(
ValueError: The hostname of the rendezvous endpoint ':29500' must be a dot-separated list of labels, an IPv4 address, or an IPv6 address.
srun: error: clara10: tasks 0-3: Exited with exit code 1
